<?xml version="1.0" encoding="UTF-8"?>
<!-- Generated by org.testng.reporters.JUnitXMLReporter -->
<testsuite hostname="DESKTOP-J6VBNPM" ignored="0" tests="5" failures="0" timestamp="15 Jun 2017 02:01:13 GMT" time="11.299" errors="0">
  <testcase name="Button1IsDisplay" time="0.028" classname="TestButton01"/>
  <testcase name="Button1IsEnable" time="0.016" classname="TestButton01"/>
  <testcase name="Button1IsSelected" time="0.016" classname="TestButton01"/>
  <testcase name="DisplayLabelButton01" time="0.03" classname="TestButton01"/>
  <testcase name="SubmitButton1" time="0.888" classname="TestButton01"/>
</testsuite>
