<?xml version="1.0" encoding="UTF-8"?>
<testng-results skipped="0" failed="0" ignored="0" total="5" passed="5">
  <reporter-output>
  </reporter-output>
  <suite name="Default suite" duration-ms="11299" started-at="2017-06-15T02:01:01Z" finished-at="2017-06-15T02:01:13Z">
    <groups>
    </groups>
    <test name="Default test" duration-ms="11299" started-at="2017-06-15T02:01:01Z" finished-at="2017-06-15T02:01:13Z">
      <class name="TestButton01">
        <test-method status="PASS" signature="setUp()[pri:0, instance:TestButton01@26be92ad]" name="setUp" is-config="true" duration-ms="9170" started-at="2017-06-15T09:01:01Z" finished-at="2017-06-15T09:01:10Z">
          <reporter-output>
          </reporter-output>
        </test-method> <!-- setUp -->
        <test-method status="PASS" signature="Button1IsDisplay()[pri:0, instance:TestButton01@26be92ad]" name="Button1IsDisplay" duration-ms="28" started-at="2017-06-15T09:01:10Z" finished-at="2017-06-15T09:01:10Z">
          <reporter-output>
          </reporter-output>
        </test-method> <!-- Button1IsDisplay -->
        <test-method status="PASS" signature="Button1IsEnable()[pri:0, instance:TestButton01@26be92ad]" name="Button1IsEnable" duration-ms="16" started-at="2017-06-15T09:01:10Z" finished-at="2017-06-15T09:01:11Z">
          <reporter-output>
          </reporter-output>
        </test-method> <!-- Button1IsEnable -->
        <test-method status="PASS" signature="Button1IsSelected()[pri:0, instance:TestButton01@26be92ad]" name="Button1IsSelected" duration-ms="16" started-at="2017-06-15T09:01:11Z" finished-at="2017-06-15T09:01:11Z">
          <reporter-output>
          </reporter-output>
        </test-method> <!-- Button1IsSelected -->
        <test-method status="PASS" signature="DisplayLabelButton01()[pri:0, instance:TestButton01@26be92ad]" name="DisplayLabelButton01" duration-ms="30" started-at="2017-06-15T09:01:11Z" finished-at="2017-06-15T09:01:11Z">
          <reporter-output>
          </reporter-output>
        </test-method> <!-- DisplayLabelButton01 -->
        <test-method status="PASS" signature="SubmitButton1()[pri:0, instance:TestButton01@26be92ad]" name="SubmitButton1" duration-ms="888" started-at="2017-06-15T09:01:11Z" finished-at="2017-06-15T09:01:11Z">
          <reporter-output>
          </reporter-output>
        </test-method> <!-- SubmitButton1 -->
        <test-method status="PASS" signature="tearDown()[pri:0, instance:TestButton01@26be92ad]" name="tearDown" is-config="true" duration-ms="1109" started-at="2017-06-15T09:01:11Z" finished-at="2017-06-15T09:01:13Z">
          <reporter-output>
          </reporter-output>
        </test-method> <!-- tearDown -->
      </class> <!-- TestButton01 -->
    </test> <!-- Default test -->
  </suite> <!-- Default suite -->
</testng-results>
